This is pdfTeX, Version 3.141592653-2.6-1.40.25 (TeX Live 2023) (preloaded format=pdflatex 2024.3.18)  9 APR 2024 09:32
entering extended mode
 restricted \write18 enabled.
 %&-line parsing enabled.
**main.tex
(./main.tex
LaTeX2e <2022-11-01> patch level 1
L3 programming layer <2023-02-22> (./IEEEtran.cls
Document Class: IEEEtran 2007/03/05 V1.7a by Michael Shell
-- See the "IEEEtran_HOWTO" manual for usage information.
-- http://www.michaelshell.org/tex/ieeetran/
\@IEEEtrantmpdimenA=\dimen140
\@IEEEtrantmpdimenB=\dimen141
\@IEEEtrantmpcountA=\count185
\@IEEEtrantmpcountB=\count186
\@IEEEtrantmptoksA=\toks16
LaTeX Font Info:    Trying to load font information for OT1+ptm on input line 3
73.
(/usr/share/texlive/texmf-dist/tex/latex/psnfss/ot1ptm.fd
File: ot1ptm.fd 2001/06/04 font definitions for OT1/ptm.
)
-- Using 8.5in x 11in (letter) paper.
-- Using PDF output.
\@IEEEnormalsizeunitybaselineskip=\dimen142
-- This is a 10 point document.
\CLASSINFOnormalsizebaselineskip=\dimen143
\CLASSINFOnormalsizeunitybaselineskip=\dimen144
\IEEEnormaljot=\dimen145
LaTeX Font Info:    Font shape `OT1/ptm/bx/n' in size <5> not available
(Font)              Font shape `OT1/ptm/b/n' tried instead on input line 731.
LaTeX Font Info:    Font shape `OT1/ptm/bx/it' in size <5> not available
(Font)              Font shape `OT1/ptm/b/it' tried instead on input line 731.
LaTeX Font Info:    Font shape `OT1/ptm/bx/n' in size <7> not available
(Font)              Font shape `OT1/ptm/b/n' tried instead on input line 731.
LaTeX Font Info:    Font shape `OT1/ptm/bx/it' in size <7> not available
(Font)              Font shape `OT1/ptm/b/it' tried instead on input line 731.
LaTeX Font Info:    Font shape `OT1/ptm/bx/n' in size <8> not available
(Font)              Font shape `OT1/ptm/b/n' tried instead on input line 731.
LaTeX Font Info:    Font shape `OT1/ptm/bx/it' in size <8> not available
(Font)              Font shape `OT1/ptm/b/it' tried instead on input line 731.
LaTeX Font Info:    Font shape `OT1/ptm/bx/n' in size <9> not available
(Font)              Font shape `OT1/ptm/b/n' tried instead on input line 731.
LaTeX Font Info:    Font shape `OT1/ptm/bx/it' in size <9> not available
(Font)              Font shape `OT1/ptm/b/it' tried instead on input line 731.
LaTeX Font Info:    Font shape `OT1/ptm/bx/n' in size <10> not available
(Font)              Font shape `OT1/ptm/b/n' tried instead on input line 731.
LaTeX Font Info:    Font shape `OT1/ptm/bx/it' in size <10> not available
(Font)              Font shape `OT1/ptm/b/it' tried instead on input line 731.
LaTeX Font Info:    Font shape `OT1/ptm/bx/n' in size <11> not available
(Font)              Font shape `OT1/ptm/b/n' tried instead on input line 731.
LaTeX Font Info:    Font shape `OT1/ptm/bx/it' in size <11> not available
(Font)              Font shape `OT1/ptm/b/it' tried instead on input line 731.
LaTeX Font Info:    Font shape `OT1/ptm/bx/n' in size <12> not available
(Font)              Font shape `OT1/ptm/b/n' tried instead on input line 731.
LaTeX Font Info:    Font shape `OT1/ptm/bx/it' in size <12> not available
(Font)              Font shape `OT1/ptm/b/it' tried instead on input line 731.
LaTeX Font Info:    Font shape `OT1/ptm/bx/n' in size <17> not available
(Font)              Font shape `OT1/ptm/b/n' tried instead on input line 731.
LaTeX Font Info:    Font shape `OT1/ptm/bx/it' in size <17> not available
(Font)              Font shape `OT1/ptm/b/it' tried instead on input line 731.
LaTeX Font Info:    Font shape `OT1/ptm/bx/n' in size <20> not available
(Font)              Font shape `OT1/ptm/b/n' tried instead on input line 731.
LaTeX Font Info:    Font shape `OT1/ptm/bx/it' in size <20> not available
(Font)              Font shape `OT1/ptm/b/it' tried instead on input line 731.
LaTeX Font Info:    Font shape `OT1/ptm/bx/n' in size <24> not available
(Font)              Font shape `OT1/ptm/b/n' tried instead on input line 731.
LaTeX Font Info:    Font shape `OT1/ptm/bx/it' in size <24> not available
(Font)              Font shape `OT1/ptm/b/it' tried instead on input line 731.
\IEEEilabelindentA=\dimen146
\IEEEilabelindentB=\dimen147
\IEEEilabelindent=\dimen148
\IEEEelabelindent=\dimen149
\IEEEdlabelindent=\dimen150
\IEEElabelindent=\dimen151
\IEEEiednormlabelsep=\dimen152
\IEEEiedmathlabelsep=\dimen153
\IEEEiedtopsep=\skip48
\c@section=\count187
\c@subsection=\count188
\c@subsubsection=\count189
\c@paragraph=\count190
\c@IEEEsubequation=\count191
\abovecaptionskip=\skip49
\belowcaptionskip=\skip50
\c@figure=\count192
\c@table=\count193
\@IEEEeqnnumcols=\count194
\@IEEEeqncolcnt=\count195
\@IEEEtmpitemindent=\dimen154
\c@IEEEbiography=\count196
\@IEEEtranrubishbin=\box51
) (/usr/share/texlive/texmf-dist/tex/latex/graphics/graphicx.sty
Package: graphicx 2021/09/16 v1.2d Enhanced LaTeX Graphics (DPC,SPQR)

(/usr/share/texlive/texmf-dist/tex/latex/graphics/keyval.sty
Package: keyval 2022/05/29 v1.15 key=value parser (DPC)
\KV@toks@=\toks17
)
(/usr/share/texlive/texmf-dist/tex/latex/graphics/graphics.sty
Package: graphics 2022/03/10 v1.4e Standard LaTeX Graphics (DPC,SPQR)

(/usr/share/texlive/texmf-dist/tex/latex/graphics/trig.sty
Package: trig 2021/08/11 v1.11 sin cos tan (DPC)
)
(/usr/share/texlive/texmf-dist/tex/latex/graphics-cfg/graphics.cfg
File: graphics.cfg 2016/06/04 v1.11 sample graphics configuration
)
Package graphics Info: Driver file: dvips.def on input line 107.

(/usr/share/texlive/texmf-dist/tex/latex/graphics-def/dvips.def
File: dvips.def 2022/09/22 v3.1e Graphics/color driver for dvips
))
\Gin@req@height=\dimen155
\Gin@req@width=\dimen156
)
(/usr/share/texlive/texmf-dist/tex/latex/xcolor/xcolor.sty
Package: xcolor 2022/06/12 v2.14 LaTeX color extensions (UK)

(/usr/share/texlive/texmf-dist/tex/latex/graphics-cfg/color.cfg
File: color.cfg 2016/01/02 v1.6 sample color configuration
)
Package xcolor Info: Driver file: pdftex.def on input line 227.

(/usr/share/texlive/texmf-dist/tex/latex/graphics-def/pdftex.def
File: pdftex.def 2022/09/22 v1.2b Graphics/color driver for pdftex
)
(/usr/share/texlive/texmf-dist/tex/latex/graphics/mathcolor.ltx)
Package xcolor Info: Model `cmy' substituted by `cmy0' on input line 1353.
Package xcolor Info: Model `RGB' extended on input line 1369.
Package xcolor Info: Model `HTML' substituted by `rgb' on input line 1371.
Package xcolor Info: Model `Hsb' substituted by `hsb' on input line 1372.
Package xcolor Info: Model `tHsb' substituted by `hsb' on input line 1373.
Package xcolor Info: Model `HSB' substituted by `hsb' on input line 1374.
Package xcolor Info: Model `Gray' substituted by `gray' on input line 1375.
Package xcolor Info: Model `wave' substituted by `hsb' on input line 1376.
)
(/usr/share/texlive/texmf-dist/tex/latex/cite/cite.sty
LaTeX Info: Redefining \cite on input line 302.
LaTeX Info: Redefining \nocite on input line 332.
Package: cite 2015/02/27  v 5.5
)
(/usr/share/texlive/texmf-dist/tex/latex/tools/array.sty
Package: array 2022/09/04 v2.5g Tabular extension package (FMi)
\col@sep=\dimen157
\ar@mcellbox=\box52
\extrarowheight=\dimen158
\NC@list=\toks18
\extratabsurround=\skip51
\backup@length=\skip52
\ar@cellbox=\box53
)
(/usr/share/texlive/texmf-dist/tex/latex/makecell/makecell.sty
Package: makecell 2009/08/03 V0.1e Managing of Tab Column Heads and Cells
\rotheadsize=\dimen159
\c@nlinenum=\count197
\TeXr@lab=\toks19
)
(/usr/share/texlive/texmf-dist/tex/latex/subfig/subfig.sty
Package: subfig 2005/06/28 ver: 1.3 subfig package

(/usr/share/texlive/texmf-dist/tex/latex/caption/caption.sty
Package: caption 2023/03/12 v3.6j Customizing captions (AR)

(/usr/share/texlive/texmf-dist/tex/latex/caption/caption3.sty
Package: caption3 2023/03/12 v2.4 caption3 kernel (AR)
\caption@tempdima=\dimen160
\captionmargin=\dimen161
\caption@leftmargin=\dimen162
\caption@rightmargin=\dimen163
\caption@width=\dimen164
\caption@indent=\dimen165
\caption@parindent=\dimen166
\caption@hangindent=\dimen167
Package caption Info: Unknown document class (or package),
(caption)             standard defaults will be used.
Package caption Info: \@makecaption = \long macro:#1#2->\ifx \@captype \@IEEEta
blestring \footnotesize \begin {center}{\normalfont \footnotesize #1}\\{\normal
font \footnotesize \scshape #2}\end {center}\@IEEEtablecaptionsepspace \else \@
IEEEfigurecaptionsepspace \setbox \@tempboxa \hbox {\normalfont \footnotesize {
#1.}~~ #2}\ifdim \wd \@tempboxa >\hsize \setbox \@tempboxa \hbox {\normalfont \
footnotesize {#1.}~~ }\parbox [t]{\hsize }{\normalfont \footnotesize \noindent 
\unhbox \@tempboxa #2}\else \ifCLASSOPTIONconference \hbox to\hsize {\normalfon
t \footnotesize \hfil \box \@tempboxa \hfil }\else \hbox to\hsize {\normalfont 
\footnotesize \box \@tempboxa \hfil }\fi \fi \fi  on input line 1176.
)

Package caption Warning: Unknown document class (or package),
(caption)                standard defaults will be used.
See the caption package documentation for explanation.

\c@caption@flags=\count198
\c@continuedfloat=\count199
)
\c@KVtest=\count266
\sf@farskip=\skip53
\sf@captopadj=\dimen168
\sf@capskip=\skip54
\sf@nearskip=\skip55
\c@subfigure=\count267
\c@subfigure@save=\count268
\c@lofdepth=\count269
\c@subtable=\count270
\c@subtable@save=\count271
\c@lotdepth=\count272
\sf@top=\skip56
\sf@bottom=\skip57
) (/usr/share/texlive/texmf-dist/tex/latex/fancybox/fancybox.sty
Package: fancybox 2010/05/15 1.4

Style option: `fancybox' v1.4 <2010/05/15> (tvz)
\@fancybox=\box54
\shadowsize=\dimen169
\@Sbox=\box55
\do@VerbBox=\toks20
\the@fancyput=\toks21
\this@fancyput=\toks22
\EndVerbatimTokens=\toks23
\Verbatim@Outfile=\write3
\Verbatim@Infile=\read2
) (/usr/share/texlive/texmf-dist/tex/latex/comment/comment.sty
\CommentStream=\write4

Excluding comment 'comment')
(/usr/share/texlive/texmf-dist/tex/latex/amsmath/amsmath.sty
Package: amsmath 2022/04/08 v2.17n AMS math features
\@mathmargin=\skip58

For additional information on amsmath, use the `?' option.
(/usr/share/texlive/texmf-dist/tex/latex/amsmath/amstext.sty
Package: amstext 2021/08/26 v2.01 AMS text

(/usr/share/texlive/texmf-dist/tex/latex/amsmath/amsgen.sty
File: amsgen.sty 1999/11/30 v2.0 generic functions
\@emptytoks=\toks24
\ex@=\dimen170
))
(/usr/share/texlive/texmf-dist/tex/latex/amsmath/amsbsy.sty
Package: amsbsy 1999/11/29 v1.2d Bold Symbols
\pmbraise@=\dimen171
)
(/usr/share/texlive/texmf-dist/tex/latex/amsmath/amsopn.sty
Package: amsopn 2022/04/08 v2.04 operator names
)
\inf@bad=\count273
LaTeX Info: Redefining \frac on input line 234.
\uproot@=\count274
\leftroot@=\count275
LaTeX Info: Redefining \overline on input line 399.
LaTeX Info: Redefining \colon on input line 410.
\classnum@=\count276
\DOTSCASE@=\count277
LaTeX Info: Redefining \ldots on input line 496.
LaTeX Info: Redefining \dots on input line 499.
LaTeX Info: Redefining \cdots on input line 620.
\Mathstrutbox@=\box56
\strutbox@=\box57
LaTeX Info: Redefining \big on input line 722.
LaTeX Info: Redefining \Big on input line 723.
LaTeX Info: Redefining \bigg on input line 724.
LaTeX Info: Redefining \Bigg on input line 725.
\big@size=\dimen172
LaTeX Font Info:    Redeclaring font encoding OML on input line 743.
LaTeX Font Info:    Redeclaring font encoding OMS on input line 744.
\macc@depth=\count278
LaTeX Info: Redefining \bmod on input line 905.
LaTeX Info: Redefining \pmod on input line 910.
LaTeX Info: Redefining \smash on input line 940.
LaTeX Info: Redefining \relbar on input line 970.
LaTeX Info: Redefining \Relbar on input line 971.
\c@MaxMatrixCols=\count279
\dotsspace@=\muskip16
\c@parentequation=\count280
\dspbrk@lvl=\count281
\tag@help=\toks25
\row@=\count282
\column@=\count283
\maxfields@=\count284
\andhelp@=\toks26
\eqnshift@=\dimen173
\alignsep@=\dimen174
\tagshift@=\dimen175
\tagwidth@=\dimen176
\totwidth@=\dimen177
\lineht@=\dimen178
\@envbody=\toks27
\multlinegap=\skip59
\multlinetaggap=\skip60
\mathdisplay@stack=\toks28
LaTeX Info: Redefining \[ on input line 2953.
LaTeX Info: Redefining \] on input line 2954.
)
(/usr/share/texlive/texmf-dist/tex/latex/l3backend/l3backend-pdftex.def
File: l3backend-pdftex.def 2023-01-16 L3 backend support: PDF output (pdfTeX)
\l__color_backend_stack_int=\count285
\l__pdf_internal_box=\box58
)
(./main.aux)
\openout1 = `main.aux'.

LaTeX Font Info:    Checking defaults for OML/cmm/m/it on input line 20.
LaTeX Font Info:    ... okay on input line 20.
LaTeX Font Info:    Checking defaults for OMS/cmsy/m/n on input line 20.
LaTeX Font Info:    ... okay on input line 20.
LaTeX Font Info:    Checking defaults for OT1/cmr/m/n on input line 20.
LaTeX Font Info:    ... okay on input line 20.
LaTeX Font Info:    Checking defaults for T1/cmr/m/n on input line 20.
LaTeX Font Info:    ... okay on input line 20.
LaTeX Font Info:    Checking defaults for TS1/cmr/m/n on input line 20.
LaTeX Font Info:    ... okay on input line 20.
LaTeX Font Info:    Checking defaults for OMX/cmex/m/n on input line 20.
LaTeX Font Info:    ... okay on input line 20.
LaTeX Font Info:    Checking defaults for U/cmr/m/n on input line 20.
LaTeX Font Info:    ... okay on input line 20.
 (/usr/share/texlive/texmf-dist/tex/context/base/mkii/supp-pdf.mkii
[Loading MPS to PDF converter (version 2006.09.02).]
\scratchcounter=\count286
\scratchdimen=\dimen179
\scratchbox=\box59
\nofMPsegments=\count287
\nofMParguments=\count288
\everyMPshowfont=\toks29
\MPscratchCnt=\count289
\MPscratchDim=\dimen180
\MPnumerator=\count290
\makeMPintoPDFobject=\count291
\everyMPtoPDFconversion=\toks30
) (/usr/share/texlive/texmf-dist/tex/latex/epstopdf-pkg/epstopdf-base.sty
Package: epstopdf-base 2020-01-24 v2.11 Base part for package epstopdf

(/usr/share/texlive/texmf-dist/tex/generic/infwarerr/infwarerr.sty
Package: infwarerr 2019/12/03 v1.5 Providing info/warning/error messages (HO)
)
(/usr/share/texlive/texmf-dist/tex/latex/grfext/grfext.sty
Package: grfext 2019/12/03 v1.3 Manage graphics extensions (HO)

(/usr/share/texlive/texmf-dist/tex/generic/kvdefinekeys/kvdefinekeys.sty
Package: kvdefinekeys 2019-12-19 v1.6 Define keys (HO)
))
(/usr/share/texlive/texmf-dist/tex/latex/kvoptions/kvoptions.sty
Package: kvoptions 2022-06-15 v3.15 Key value format for package options (HO)

(/usr/share/texlive/texmf-dist/tex/generic/ltxcmds/ltxcmds.sty
Package: ltxcmds 2020-05-10 v1.25 LaTeX kernel commands for general use (HO)
)
(/usr/share/texlive/texmf-dist/tex/latex/kvsetkeys/kvsetkeys.sty
Package: kvsetkeys 2022-10-05 v1.19 Key value parser (HO)
))
(/usr/share/texlive/texmf-dist/tex/generic/pdftexcmds/pdftexcmds.sty
Package: pdftexcmds 2020-06-27 v0.33 Utility functions of pdfTeX for LuaTeX (HO
)

(/usr/share/texlive/texmf-dist/tex/generic/iftex/iftex.sty
Package: iftex 2022/02/03 v1.0f TeX engine tests
)
Package pdftexcmds Info: \pdf@primitive is available.
Package pdftexcmds Info: \pdf@ifprimitive is available.
Package pdftexcmds Info: \pdfdraftmode found.
)
Package epstopdf-base Info: Redefining graphics rule for `.eps' on input line 4
85.
Package grfext Info: Graphics extension search list:
(grfext)             [.pdf,.png,.jpg,.mps,.jpeg,.jbig2,.jb2,.PDF,.PNG,.JPG,.JPE
G,.JBIG2,.JB2,.eps]
(grfext)             \AppendGraphicsExtensions on input line 504.

(/usr/share/texlive/texmf-dist/tex/latex/latexconfig/epstopdf-sys.cfg
File: epstopdf-sys.cfg 2010/07/13 v1.3 Configuration of (r)epstopdf for TeX Liv
e
))
Package caption Info: Begin \AtBeginDocument code.
Package caption Info: subfig package v1.3 is loaded.
Package caption Info: End \AtBeginDocument code.
<model0Probe.pdf, id=1, 369.88583pt x 199.1693pt>
File: model0Probe.pdf Graphic file (type pdf)
<use model0Probe.pdf>
Package pdftex.def Info: model0Probe.pdf  used on input line 73.
(pdftex.def)             Requested size: 216.81pt x 116.74605pt.
<SIMPLE_BBI_0.pdf, id=2, 505.89pt x 462.52798pt>
File: SIMPLE_BBI_0.pdf Graphic file (type pdf)
<use SIMPLE_BBI_0.pdf>
Package pdftex.def Info: SIMPLE_BBI_0.pdf  used on input line 74.
(pdftex.def)             Requested size: 216.81pt x 198.22679pt.
<model1Probe.pdf, id=3, 369.88583pt x 199.1693pt>
File: model1Probe.pdf Graphic file (type pdf)
<use model1Probe.pdf>
Package pdftex.def Info: model1Probe.pdf  used on input line 82.
(pdftex.def)             Requested size: 216.81pt x 116.74605pt.
<SIMPLE_BBI_1.pdf, id=4, 505.89pt x 462.52798pt>
File: SIMPLE_BBI_1.pdf Graphic file (type pdf)
<use SIMPLE_BBI_1.pdf>
Package pdftex.def Info: SIMPLE_BBI_1.pdf  used on input line 83.
(pdftex.def)             Requested size: 216.81pt x 198.22679pt.
<model2Probe.pdf, id=5, 369.88583pt x 199.1693pt>
File: model2Probe.pdf Graphic file (type pdf)
<use model2Probe.pdf>
Package pdftex.def Info: model2Probe.pdf  used on input line 90.
(pdftex.def)             Requested size: 216.81pt x 116.74605pt.
<SIMPLE_BBI_2.pdf, id=6, 505.89pt x 462.52798pt>
File: SIMPLE_BBI_2.pdf Graphic file (type pdf)
<use SIMPLE_BBI_2.pdf>
Package pdftex.def Info: SIMPLE_BBI_2.pdf  used on input line 91.
(pdftex.def)             Requested size: 216.81pt x 198.22679pt.

[1
Non-PDF special ignored!
<special> papersize=614.295pt,794.96999pt
{/var/lib/texmf/fonts/map/pdftex/updmap/pdftex.map}{/usr/share/texlive/texmf-di
st/fonts/enc/dvips/base/8r.enc}


 <./model0Probe.pdf> <./SIMPLE_BBI_0.pdf>]
LaTeX Font Info:    External font `cmex10' loaded for size
(Font)              <7> on input line 121.
LaTeX Font Info:    External font `cmex10' loaded for size
(Font)              <5> on input line 121.

[2 <./model1Probe.pdf> <./SIMPLE_BBI_1.pdf> <./model2Probe.pdf

pdfTeX warning: /usr/bin/pdflatex (file ./model2Probe.pdf): PDF inclusion: mult
iple pdfs with page group included in a single page
> <./SIMPLE_BBI_2.pdf>]
<realPulsesComparisons.pdf, id=235, 397.485pt x 794.97pt>
File: realPulsesComparisons.pdf Graphic file (type pdf)
<use realPulsesComparisons.pdf>
Package pdftex.def Info: realPulsesComparisons.pdf  used on input line 176.
(pdftex.def)             Requested size: 216.81pt x 433.63217pt.
 [3]
<resMap_M0.pdf, id=239, 523.9575pt x 388.08992pt>
File: resMap_M0.pdf Graphic file (type pdf)
<use resMap_M0.pdf>
Package pdftex.def Info: resMap_M0.pdf  used on input line 248.
(pdftex.def)             Requested size: 242.10493pt x 179.32295pt.
<resMap_M1.pdf, id=240, 523.9575pt x 388.08992pt>
File: resMap_M1.pdf Graphic file (type pdf)
<use resMap_M1.pdf>
Package pdftex.def Info: resMap_M1.pdf  used on input line 255.
(pdftex.def)             Requested size: 242.10493pt x 179.32295pt.
<resMap_M2.pdf, id=241, 523.9575pt x 388.08992pt>
File: resMap_M2.pdf Graphic file (type pdf)
<use resMap_M2.pdf>
Package pdftex.def Info: resMap_M2.pdf  used on input line 262.
(pdftex.def)             Requested size: 242.10493pt x 179.32295pt.
 [4 <./realPulsesComparisons.pdf>]
<aesBadGnd_C.pdf, id=316, 649.16759pt x 496.15111pt>
File: aesBadGnd_C.pdf Graphic file (type pdf)
<use aesBadGnd_C.pdf>
Package pdftex.def Info: aesBadGnd_C.pdf  used on input line 294.
(pdftex.def)             Requested size: 242.10493pt x 185.03416pt.
<aesGoodGndOnly_C.pdf, id=317, 649.16759pt x 496.15111pt>
File: aesGoodGndOnly_C.pdf Graphic file (type pdf)
<use aesGoodGndOnly_C.pdf>
Package pdftex.def Info: aesGoodGndOnly_C.pdf  used on input line 301.
(pdftex.def)             Requested size: 242.10493pt x 185.03416pt.
<aesBouchonGgnd_C.pdf, id=318, 649.16759pt x 496.15111pt>
File: aesBouchonGgnd_C.pdf Graphic file (type pdf)
<use aesBouchonGgnd_C.pdf>
Package pdftex.def Info: aesBouchonGgnd_C.pdf  used on input line 308.
(pdftex.def)             Requested size: 242.10493pt x 185.03416pt.
 [5 <./resMap_M0.pdf> <./resMap_M1.pdf> <./resMap_M2.pdf>] [6 <./aesBadGnd_C.pd
f> <./aesGoodGndOnly_C.pdf> <./aesBouchonGgnd_C.pdf>]
<giraud__6N.pdf, id=726, 489.38832pt x 44.70703pt>
File: giraud__6N.pdf Graphic file (type pdf)
<use giraud__6N.pdf>
Package pdftex.def Info: giraud__6N.pdf  used on input line 357.
(pdftex.def)             Requested size: 505.89pt x 46.21518pt.
<GiraudAttackGoodGnd.pdf, id=727, 571.65572pt x 520.34402pt>
File: GiraudAttackGoodGnd.pdf Graphic file (type pdf)
<use GiraudAttackGoodGnd.pdf>
Package pdftex.def Info: GiraudAttackGoodGnd.pdf  used on input line 367.
(pdftex.def)             Requested size: 238.49121pt x 217.08206pt.
<GiraudAttackImpMatch.pdf, id=728, 572.37839pt x 520.34402pt>
File: GiraudAttackImpMatch.pdf Graphic file (type pdf)
<use GiraudAttackImpMatch.pdf>
Package pdftex.def Info: GiraudAttackImpMatch.pdf  used on input line 374.
(pdftex.def)             Requested size: 238.49121pt x 216.80417pt.
<tripleWell_no_4b.png.pdf, id=729, 5781.6pt x 6825.50049pt>
File: tripleWell_no_4b.png.pdf Graphic file (type pdf)
<use tripleWell_no_4b.png.pdf>
Package pdftex.def Info: tripleWell_no_4b.png.pdf  used on input line 412.
(pdftex.def)             Requested size: 216.81pt x 255.89316pt.

Underfull \vbox (badness 2735) has occurred while \output is active []

 [7 <./GiraudAttackGoodGnd.pdf> <./GiraudAttackImpMatch.pdf>]
LaTeX Font Info:    Trying to load font information for TS1+ptm on input line 4
58.

(/usr/share/texlive/texmf-dist/tex/latex/psnfss/ts1ptm.fd
File: ts1ptm.fd 2001/06/04 font definitions for TS1/ptm.
) [8 <./giraud__6N.pdf> <./tripleWell_no_4b.png.pdf

pdfTeX warning: /usr/bin/pdflatex (file ./tripleWell_no_4b.png.pdf): PDF inclus
ion: multiple pdfs with page group included in a single page
>]
<latexM0_T.pdf, id=1016, 325.215pt x 397.485pt>
File: latexM0_T.pdf Graphic file (type pdf)
<use latexM0_T.pdf>
Package pdftex.def Info: latexM0_T.pdf  used on input line 489.
(pdftex.def)             Requested size: 238.49121pt x 291.49596pt.
<latexM1_T.pdf, id=1017, 325.215pt x 397.485pt>
File: latexM1_T.pdf Graphic file (type pdf)
<use latexM1_T.pdf>
Package pdftex.def Info: latexM1_T.pdf  used on input line 496.
(pdftex.def)             Requested size: 238.49121pt x 291.49596pt.
<latexM2_T.pdf, id=1018, 325.215pt x 397.485pt>
File: latexM2_T.pdf Graphic file (type pdf)
<use latexM2_T.pdf>
Package pdftex.def Info: latexM2_T.pdf  used on input line 503.
(pdftex.def)             Requested size: 238.49121pt x 291.49596pt.
 [9 <./latexM0_T.pdf> <./latexM1_T.pdf>]
<ivx3New.pdf, id=1206, 546.2929pt x 369.88583pt>
File: ivx3New.pdf Graphic file (type pdf)
<use ivx3New.pdf>
Package pdftex.def Info: ivx3New.pdf  used on input line 529.
(pdftex.def)             Requested size: 224.03743pt x 151.69366pt.
<logic_gates_tri_M0.pdf, id=1207, 674.17587pt x 680.3704pt>
File: logic_gates_tri_M0.pdf Graphic file (type pdf)
<use logic_gates_tri_M0.pdf>
Package pdftex.def Info: logic_gates_tri_M0.pdf  used on input line 536.
(pdftex.def)             Requested size: 231.26378pt x 233.38881pt.
<logic_gates_tri_M1.pdf, id=1208, 674.17587pt x 680.3704pt>
File: logic_gates_tri_M1.pdf Graphic file (type pdf)
<use logic_gates_tri_M1.pdf>
Package pdftex.def Info: logic_gates_tri_M1.pdf  used on input line 543.
(pdftex.def)             Requested size: 231.26378pt x 233.38881pt.
<logic_gates_tri_M2.pdf, id=1209, 674.17587pt x 680.3704pt>
File: logic_gates_tri_M2.pdf Graphic file (type pdf)
<use logic_gates_tri_M2.pdf>
Package pdftex.def Info: logic_gates_tri_M2.pdf  used on input line 550.
(pdftex.def)             Requested size: 231.26378pt x 233.38881pt.
 [10 <./latexM2_T.pdf> <./ivx3New.pdf> <./logic_gates_tri_M0.pdf>] [11 <./logic
_gates_tri_M1.pdf> <./logic_gates_tri_M2.pdf>] (./references.tex
Underfull \hbox (badness 3250) in paragraph at lines 40--41
\OT1/ptm/m/n/9 Bi-as-ing In-jec-tion: To Thin or Not to Thin the Sub-
 []

)

** Conference Paper **
Before submitting the final camera ready copy, remember to:

 1. Manually equalize the lengths of two columns on the last page
 of your paper;

 2. Ensure that any PostScript and/or PDF output post-processing
 uses only Type 1 fonts and that every step in the generation
 process uses the appropriate paper size.

[12] (./main.aux) ) 
Here is how much of TeX's memory you used:
 6187 strings out of 476034
 106170 string characters out of 5792864
 1869388 words of memory out of 6000000
 26571 multiletter control sequences out of 15000+600000
 544748 words of font info for 84 fonts, out of 8000000 for 9000
 1140 hyphenation exceptions out of 8191
 69i,9n,79p,522b,320s stack positions out of 10000i,1000n,20000p,200000b,200000s
</usr/share/texlive/texmf-dist/fonts/type1/public/amsfonts/c
m/cmmi10.pfb></usr/share/texlive/texmf-dist/fonts/type1/public/amsfonts/cm/cmmi
7.pfb></usr/share/texlive/texmf-dist/fonts/type1/public/amsfonts/cm/cmr10.pfb><
/usr/share/texlive/texmf-dist/fonts/type1/public/amsfonts/cm/cmr7.pfb></usr/sha
re/texlive/texmf-dist/fonts/type1/public/amsfonts/cm/cmsy10.pfb></usr/share/tex
live/texmf-dist/fonts/type1/public/amsfonts/cm/cmsy7.pfb></usr/share/texlive/te
xmf-dist/fonts/type1/public/amsfonts/latxfont/lcircle1.pfb></usr/share/texlive/
texmf-dist/fonts/type1/urw/times/utmb8a.pfb></usr/share/texlive/texmf-dist/font
s/type1/urw/times/utmbi8a.pfb></usr/share/texlive/texmf-dist/fonts/type1/urw/ti
mes/utmr8a.pfb></usr/share/texlive/texmf-dist/fonts/type1/urw/times/utmri8a.pfb
>
Output written on main.pdf (12 pages, 8107085 bytes).
PDF statistics:
 1503 PDF objects out of 1728 (max. 8388607)
 463 compressed objects within 5 object streams
 0 named destinations out of 1000 (max. 500000)
 121 words of extra memory for PDF output out of 10000 (max. 10000000)

